
// ==========================================================================
//  GPLEX error listing for lex source file <SQLParser.Language.analyzer.lex>
// ==========================================================================
//  Version:  1.2.2
//  DateTime: 11/20/2023 6:01:39 PM
// ==========================================================================


%namespace CamusDB.Core.SQLParser
%scannertype sqlScanner
%visibility internal
%tokentype Token

%option stack, minimize, parser, verbose, persistbuffer, noembedbuffers 

TSelect         "SELECT"
TFrom           "FROM"
TWhere          "WHERE"
TAnd            "AND"
TOr             "OR"
LParen          \(
RParen          \)
Eol             (\r\n?|\n)
NotWh           [^ \t\r\n]
Space           [ \t]
Number          ("-"?[0-9]+)|("-"?[0][x][0-9A-Fa-f]+)
StrChs          [^\\\"\a\b\f\n\r\t\v\0]
DotChr          [^\r\n]
EscChr          \\{DotChr}
OctDig          [0-7]
HexDig          [0-9a-fA-F]
OctEsc          \\{OctDig}{3}
HexEsc          \\x{HexDig}{2}
UniEsc          \\u{HexDig}{4}
UNIESC          \\U{HexDig}{8}
LitStr          \"({StrChs}|{EscChr}|{OctEsc}|{HexEsc}|{UniEsc}|{UNIESC})*\"
Identifier      [a-zA-Z_][a-zA-Z0-9_]*
TAdd            \+
TMult           \*
TMinus          \-
TDiv            /
TComma          ,
TEquals         =
TNotEquals      <>
TNotEquals2     !=
TLess           <
TGreater        >
TLessEquals     <=
TGreaterEquals  >=

%{

%}

%%

/* Scanner body */

{Number}		{ Console.WriteLine("number: {0}", yytext); yylval.s = yytext; return (int)Token.TDIGIT; }

{String}		{ Console.WriteLine("string: {0}", yytext); yylval.s = yytext; return (int)Token.TSTRING; }
//^^^^^
// Error: Unknown lexical category <String> 
// -----------------------------------------

{Space}+		/* skip */

{LParen} { return (int)Token.LPAREN; }

{RParen} { return (int)Token.RPAREN; }

{TSelect} { return (int)Token.TSELECT; }

{TFrom} { return (int)Token.TFROM; }

{TWhere} { return (int)Token.TWHERE; }

{TAdd} { return (int)Token.TADD; }

{TMult} { return (int)Token.TMULT; }

{TDiv} { return (int)Token.TDIV; }

{TMinus} { return (int)Token.TMINUS; }

{TComma} { return (int)Token.TCOMMA; }

{TAnd} { return (int)Token.TAND; }

{TOr} { return (int)Token.TOR; }

{TEquals} { return (int)Token.TEQUALS; }

{TGreater} { return (int)Token.TGREATERTHAN; }

{TGreaterEquals} { return (int)Token.TGREATERTHANEQUALS; }

{TLess} { return (int)Token.TLESSTHAN; }

{TLessEquals} { return (int)Token.TLESSTHANEQUALS; }

{TNotEquals} { return (int)Token.TNOTEQUALS; }

{TNotEquals2} { return (int)Token.TNOTEQUALS; }

{Identifier} { Console.WriteLine("identifier: {0}", yytext); return (int)Token.IDENTIFIER; }

%%// ==========================================================================

